-------------------|---------|----------|---------|---------|--------------------
File               | % Stmts | % Branch | % Funcs | % Lines | Uncovered Line #s  
-------------------|---------|----------|---------|---------|--------------------
All files          |   74.16 |    74.72 |   89.58 |   73.26 |                    
 ai-player.js      |   92.45 |    90.47 |     100 |   92.15 | 69-70,90-93        
 board.js          |   93.33 |    78.57 |     100 |   92.72 | 149-152            
 seabattle-game.js |   24.59 |     37.5 |   44.44 |   24.59 | 40-138,154,176-181 
 ship.js           |     100 |      100 |     100 |     100 |                    
 utils.js          |     100 |      100 |     100 |     100 |                    
-------------------|---------|----------|---------|---------|--------------------
